<?xml version="1.0" encoding="UTF-8"?>
<!-- Generated by org.testng.reporters.JUnitReportReporter -->
<testsuite hostname="DESKTOP-AN816PB" failures="0" tests="1" name="com.qa.test.loginpagetest" time="9.405" errors="0" timestamp="2024-06-30T21:46:09 IST" skipped="0">
  <testcase classname="com.qa.test.loginpagetest" name="logintestfirst" time="9.405"/>
  <system-out/>
</testsuite> <!-- com.qa.test.loginpagetest -->
